Job started on mscluster51.ms.wits.ac.za at Thu Dec 18 01:43:31 PM SAST 2025
SLURM_JOBID=171254
Initializing conda...
Conda initialized
Available conda environments:

# conda environments:
#
base                   /home-mscluster/aally/miniconda3
microrts               /home-mscluster/aally/miniconda3/envs/microrts
microrts39             /home-mscluster/aally/miniconda3/envs/microrts39

Activating microrts39 environment...
Activated conda environment: microrts39
Conda prefix: /home-mscluster/aally/miniconda3/envs/microrts39
Python path: /home-mscluster/aally/miniconda3/envs/microrts39/bin/python
Python version: Python 3.9.23
Java home: /home-mscluster/aally/miniconda3/envs/microrts39/lib/jvm
Java path: /home-mscluster/aally/miniconda3/envs/microrts39/lib/jvm/bin/java
Java version: openjdk version "17.0.15-internal" 2025-04-15
Java classpath: /home-mscluster/aally/Research/MicroRTS-Py-Research/gym_microrts/microrts/microrts.jar:/home-mscluster/aally/Research/MicroRTS-Py-Research/gym_microrts/microrts/lib/*
Working directory: /home-mscluster/aally/ga_runs/ga_experiment_20251218_134358_job171254
Repository: /home-mscluster/aally/Research/MicroRTS-Py-Research
Rebuilding microrts.jar for cluster Java version...
Compiling Java sources with cluster Java version...
Creating fat JAR with all dependencies...
Extracting existing microrts.jar...
Extracting library dependencies...
  Extracting hamcrest-all-1.3.jar...
  Extracting jdom.jar...
  Extracting junit-4.12.jar...
  Extracting minimal-json-0.9.4.jar...
  Extracting weka.jar...
Creating new microrts.jar...
Built microrts.jar successfully for cluster Java version
JAR size: 940K
Verifying MicroRTS setup...
JAR file exists: -rw-r--r-- 1 aally Gaally 960661 Dec 18 13:44 gym_microrts/microrts/microrts.jar
JAR size: 940K	gym_microrts/microrts/microrts.jar
Lib directory: 9 files

GA Configuration:
==================
Generations: 30
Population: 40
Experiment Name: cluster_long_run
Games per evaluation: 5
Max steps per game: 1000

Starting Genetic Algorithm at Thu Dec 18 01:44:27 PM SAST 2025
Working directory: /home-mscluster/aally/Research/MicroRTS-Py-Research
Python version: Python 3.9.23
Java version: openjdk version "17.0.15-internal" 2025-04-15
Gym has been unmaintained since 2022 and does not support NumPy 2.0 amongst other critical functionality.
Please upgrade to Gymnasium, the maintained drop-in replacement of Gym, or contact the authors of your software and request that they upgrade.
See the migration guide at https://gymnasium.farama.org/introduction/migration_guide/ for additional information.
